<?xml version="1.0" encoding="UTF-8"?>
<testsuite xmlns:xsi="http://www.w3.org/2001/XMLSchema-instance" xsi:noNamespaceSchemaLocation="https://maven.apache.org/surefire/maven-surefire-plugin/xsd/surefire-test-report-3.0.xsd" version="3.0" name="org.openjfx.Tests" time="0.092" tests="60" errors="0" skipped="0" failures="0">
  <properties>
[...]
</properties>
  <testcase name="saveFileBOTest1" classname="org.openjfx.Tests" time="0.022"/>
  <testcase name="saveFileBOTest2" classname="org.openjfx.Tests" time="0.001"/>
  <testcase name="saveFileBOTest3" classname="org.openjfx.Tests" time="0.001"/>
  <testcase name="addReviewWork" classname="org.openjfx.Tests" time="0.001"/>
  <testcase name="addApproverWork" classname="org.openjfx.Tests" time="0.001"/>
  <testcase name="newBOTest" classname="org.openjfx.Tests" time="0.001"/>
  <testcase name="nullWorkAdd" classname="org.openjfx.Tests" time="0.001"/>
  <testcase name="nullWorkRef" classname="org.openjfx.Tests" time="0.001"/>
  <testcase name="invalidDOB1" classname="org.openjfx.Tests" time="0.0"/>
  <testcase name="invalidDOB2" classname="org.openjfx.Tests" time="0.0"/>
  <testcase name="invalidDOB3" classname="org.openjfx.Tests" time="0.0"/>
  <testcase name="invalidDOB4" classname="org.openjfx.Tests" time="0.0"/>
  <testcase name="invalidDOB5" classname="org.openjfx.Tests" time="0.001"/>
  <testcase name="invalidDOB6" classname="org.openjfx.Tests" time="0.001"/>
  <testcase name="invalidDOB7" classname="org.openjfx.Tests" time="0.001"/>
  <testcase name="invalidDOB8" classname="org.openjfx.Tests" time="0.0"/>
  <testcase name="invalidDOB9" classname="org.openjfx.Tests" time="0.001"/>
  <testcase name="pullApproverWork" classname="org.openjfx.Tests" time="0.0"/>
  <testcase name="pullReviewWork" classname="org.openjfx.Tests" time="0.0"/>
  <testcase name="invalidMiddleName1" classname="org.openjfx.Tests" time="0.0"/>
  <testcase name="invalidMiddleName2" classname="org.openjfx.Tests" time="0.0"/>
  <testcase name="invalidMiddleName3" classname="org.openjfx.Tests" time="0.0"/>
  <testcase name="invalidMiddleName4" classname="org.openjfx.Tests" time="0.001"/>
  <testcase name="invalidMiddleName5" classname="org.openjfx.Tests" time="0.0"/>
  <testcase name="invalidMiddleName6" classname="org.openjfx.Tests" time="0.0"/>
  <testcase name="pullEmptyReview" classname="org.openjfx.Tests" time="0.0"/>
  <testcase name="getFileBOTest1" classname="org.openjfx.Tests" time="0.001"/>
  <testcase name="getFileBOTest2" classname="org.openjfx.Tests" time="0.0"/>
  <testcase name="getFileBOTest3" classname="org.openjfx.Tests" time="0.0"/>
  <testcase name="getFileBOTest4" classname="org.openjfx.Tests" time="0.001"/>
  <testcase name="getFileBOTest5" classname="org.openjfx.Tests" time="0.001"/>
  <testcase name="invalidDOB10" classname="org.openjfx.Tests" time="0.0"/>
  <testcase name="nullWorkEmployee" classname="org.openjfx.Tests" time="0.0"/>
  <testcase name="invalidRefNum1" classname="org.openjfx.Tests" time="0.0"/>
  <testcase name="invalidRefNum2" classname="org.openjfx.Tests" time="0.0"/>
  <testcase name="invalidRefNum3" classname="org.openjfx.Tests" time="0.001"/>
  <testcase name="isValidInputs" classname="org.openjfx.Tests" time="0.0"/>
  <testcase name="invalidAlienNum1" classname="org.openjfx.Tests" time="0.0"/>
  <testcase name="invalidAlienNum2" classname="org.openjfx.Tests" time="0.001"/>
  <testcase name="invalidAlienNum3" classname="org.openjfx.Tests" time="0.0"/>
  <testcase name="invalidAlienNum4" classname="org.openjfx.Tests" time="0.0"/>
  <testcase name="invalidAlienNum5" classname="org.openjfx.Tests" time="0.0"/>
  <testcase name="invalidAlienNum6" classname="org.openjfx.Tests" time="0.001"/>
  <testcase name="invalidWorkRef" classname="org.openjfx.Tests" time="0.001">
    <system-out><![CDATA[Error! Target invalid
]]></system-out>
  </testcase>
  <testcase name="invalidLastName1" classname="org.openjfx.Tests" time="0.001"/>
  <testcase name="invalidLastName2" classname="org.openjfx.Tests" time="0.001"/>
  <testcase name="invalidLastName3" classname="org.openjfx.Tests" time="0.0"/>
  <testcase name="invalidLastName4" classname="org.openjfx.Tests" time="0.0"/>
  <testcase name="invalidLastName5" classname="org.openjfx.Tests" time="0.0"/>
  <testcase name="invalidLastName6" classname="org.openjfx.Tests" time="0.001"/>
  <testcase name="pullEmptyApprover" classname="org.openjfx.Tests" time="0.0"/>
  <testcase name="invalidFirstName1" classname="org.openjfx.Tests" time="0.0"/>
  <testcase name="invalidFirstName2" classname="org.openjfx.Tests" time="0.001"/>
  <testcase name="invalidFirstName3" classname="org.openjfx.Tests" time="0.001"/>
  <testcase name="invalidFirstName4" classname="org.openjfx.Tests" time="0.0"/>
  <testcase name="invalidFirstName5" classname="org.openjfx.Tests" time="0.0"/>
  <testcase name="invalidFirstName6" classname="org.openjfx.Tests" time="0.001"/>
  <testcase name="invalidWorkEmployee" classname="org.openjfx.Tests" time="0.001">
    <system-out><![CDATA[Error! Target invalid
]]></system-out>
  </testcase>
  <testcase name="invalidAddress1" classname="org.openjfx.Tests" time="0.0"/>
  <testcase name="invalidAddress2" classname="org.openjfx.Tests" time="0.0"/>
</testsuite>